catchthejerry/app/build/intermediates/manifest_merge_blame_file/release/manifest-merger-blame-release-report.txt
1<?xml version="1.0" encoding="utf-8"?>
2<manifest xmlns:android="http://schemas.android.com/apk/res/android"
3    package="com.atilsamancioglu.catchthejerry"
4    android:versionCode="1"
5    android:versionName="1.0" >
6
7    <uses-sdk
8        android:minSdkVersion="28"
8-->src\main\AndroidManifest.xml
9        android:targetSdkVersion="31" />
9-->src\main\AndroidManifest.xml
10
11    <queries>
11-->[io.dfinery:android-sdk:2.3.1.9] AndroidManifest.xml:9:5-11:15
12        <package android:name="com.igaworks.adbrixrm.debug" />
12-->[io.dfinery:android-sdk:2.3.1.9] AndroidManifest.xml:10:9-63
12-->[io.dfinery:android-sdk:2.3.1.9] AndroidManifest.xml:10:18-60
13    </queries>
14
15    <uses-permission android:name="com.google.android.finsky.permission.BIND_GET_INSTALL_REFERRER_SERVICE" /> <!-- Include required permissions for Google Mobile Ads to run -->
15-->[com.android.installreferrer:installreferrer:2.2] AndroidManifest.xml:9:5-110
15-->[com.android.installreferrer:installreferrer:2.2] AndroidManifest.xml:9:22-107
16    <uses-permission android:name="android.permission.INTERNET" />
16-->[com.google.android.gms:play-services-ads-lite:15.0.0] AndroidManifest.xml:23:5-67
16-->[com.google.android.gms:play-services-ads-lite:15.0.0] AndroidManifest.xml:23:22-64
17    <uses-permission android:name="android.permission.ACCESS_NETWORK_STATE" />
17-->[com.google.android.gms:play-services-ads-lite:15.0.0] AndroidManifest.xml:24:5-79
17-->[com.google.android.gms:play-services-ads-lite:15.0.0] AndroidManifest.xml:24:22-76
18
19    <application
19-->src\main\AndroidManifest.xml:5:5-19:19
20        android:allowBackup="true"
20-->src\main\AndroidManifest.xml:6:9-35
21        android:appComponentFactory="android.support.v4.app.CoreComponentFactory"
21-->[com.android.support:support-compat:28.0.0] AndroidManifest.xml:22:18-91
22        android:extractNativeLibs="false"
23        android:icon="@mipmap/ic_launcher"
23-->src\main\AndroidManifest.xml:7:9-43
24        android:label="@string/app_name"
24-->src\main\AndroidManifest.xml:8:9-41
25        android:roundIcon="@mipmap/ic_launcher_round"
25-->src\main\AndroidManifest.xml:9:9-54
26        android:supportsRtl="true"
26-->src\main\AndroidManifest.xml:10:9-35
27        android:theme="@style/AppTheme" >
27-->src\main\AndroidManifest.xml:11:9-40
28        <activity
28-->src\main\AndroidManifest.xml:12:9-18:20
29            android:name="com.kaanyuksel.catchthejerry.MainActivity"
29-->src\main\AndroidManifest.xml:12:19-47
30            android:exported="true" >
30-->src\main\AndroidManifest.xml:12:48-71
31            <intent-filter>
31-->src\main\AndroidManifest.xml:13:13-17:29
32                <action android:name="android.intent.action.MAIN" />
32-->src\main\AndroidManifest.xml:14:17-69
32-->src\main\AndroidManifest.xml:14:25-66
33
34                <category android:name="android.intent.category.LAUNCHER" />
34-->src\main\AndroidManifest.xml:16:17-77
34-->src\main\AndroidManifest.xml:16:27-74
35            </intent-filter>
36        </activity>
37        <!-- Include the AdActivity and InAppPurchaseActivity configChanges and themes. -->
38        <activity
38-->[com.google.android.gms:play-services-ads-lite:15.0.0] AndroidManifest.xml:29:9-33:64
39            android:name="com.google.android.gms.ads.AdActivity"
39-->[com.google.android.gms:play-services-ads-lite:15.0.0] AndroidManifest.xml:30:13-65
40            android:configChanges="keyboard|keyboardHidden|orientation|screenLayout|uiMode|screenSize|smallestScreenSize"
40-->[com.google.android.gms:play-services-ads-lite:15.0.0] AndroidManifest.xml:31:13-122
41            android:exported="false"
41-->[com.google.android.gms:play-services-ads-lite:15.0.0] AndroidManifest.xml:32:13-37
42            android:theme="@android:style/Theme.Translucent" />
42-->[com.google.android.gms:play-services-ads-lite:15.0.0] AndroidManifest.xml:33:13-61
43
44        <meta-data
44-->[com.google.android.gms:play-services-basement:15.0.1] AndroidManifest.xml:23:9-25:69
45            android:name="com.google.android.gms.version"
45-->[com.google.android.gms:play-services-basement:15.0.1] AndroidManifest.xml:24:13-58
46            android:value="@integer/google_play_services_version" /> <!-- ↓↓↓ enabled, exported 추가↓↓↓ -->
46-->[com.google.android.gms:play-services-basement:15.0.1] AndroidManifest.xml:25:13-66
47        <receiver
47-->[io.github.tvtechservice:tvservice-library:2.0.13] AndroidManifest.xml:23:9-32:20
48            android:name="com.pci.beacon.startup.StartupBroadcastReceiver"
48-->[io.github.tvtechservice:tvservice-library:2.0.13] AndroidManifest.xml:24:13-75
49            android:enabled="true"
49-->[io.github.tvtechservice:tvservice-library:2.0.13] AndroidManifest.xml:25:13-35
50            android:exported="false" >
50-->[io.github.tvtechservice:tvservice-library:2.0.13] AndroidManifest.xml:26:13-37
51            <intent-filter>
51-->[io.github.tvtechservice:tvservice-library:2.0.13] AndroidManifest.xml:27:13-31:29
52                <action android:name="android.intent.action.BOOT_COMPLETED" />
52-->[io.github.tvtechservice:tvservice-library:2.0.13] AndroidManifest.xml:28:17-79
52-->[io.github.tvtechservice:tvservice-library:2.0.13] AndroidManifest.xml:28:25-76
53                <action android:name="android.intent.action.ACTION_POWER_CONNECTED" />
53-->[io.github.tvtechservice:tvservice-library:2.0.13] AndroidManifest.xml:29:17-87
53-->[io.github.tvtechservice:tvservice-library:2.0.13] AndroidManifest.xml:29:25-84
54                <action android:name="android.intent.action.ACTION_POWER_DISCONNECTED" />
54-->[io.github.tvtechservice:tvservice-library:2.0.13] AndroidManifest.xml:30:17-90
54-->[io.github.tvtechservice:tvservice-library:2.0.13] AndroidManifest.xml:30:25-87
55            </intent-filter>
56        </receiver>
57
58        <service
58-->[io.github.tvtechservice:tvservice-library:2.0.13] AndroidManifest.xml:34:9-39:38
59            android:name="com.pci.beacon.service.BeaconService"
59-->[io.github.tvtechservice:tvservice-library:2.0.13] AndroidManifest.xml:35:13-64
60            android:enabled="true"
60-->[io.github.tvtechservice:tvservice-library:2.0.13] AndroidManifest.xml:36:13-35
61            android:exported="false"
61-->[io.github.tvtechservice:tvservice-library:2.0.13] AndroidManifest.xml:37:13-37
62            android:isolatedProcess="false"
62-->[io.github.tvtechservice:tvservice-library:2.0.13] AndroidManifest.xml:38:13-44
63            android:label="beacon" />
63-->[io.github.tvtechservice:tvservice-library:2.0.13] AndroidManifest.xml:39:13-35
64        <service
64-->[io.github.tvtechservice:tvservice-library:2.0.13] AndroidManifest.xml:40:9-43:40
65            android:name="com.pci.beacon.BeaconIntentProcessor"
65-->[io.github.tvtechservice:tvservice-library:2.0.13] AndroidManifest.xml:41:13-64
66            android:enabled="true"
66-->[io.github.tvtechservice:tvservice-library:2.0.13] AndroidManifest.xml:42:13-35
67            android:exported="false" /> <!-- ↓↓↓ enabled, exported 추가↓↓↓ -->
67-->[io.github.tvtechservice:tvservice-library:2.0.13] AndroidManifest.xml:43:13-37
68        <service
68-->[io.github.tvtechservice:tvservice-library:2.0.13] AndroidManifest.xml:46:9-57:19
69            android:name="com.pci.beacon.service.ScanJob"
69-->[io.github.tvtechservice:tvservice-library:2.0.13] AndroidManifest.xml:47:13-58
70            android:enabled="true"
70-->[io.github.tvtechservice:tvservice-library:2.0.13] AndroidManifest.xml:48:13-35
71            android:exported="false"
71-->[io.github.tvtechservice:tvservice-library:2.0.13] AndroidManifest.xml:49:13-37
72            android:permission="android.permission.BIND_JOB_SERVICE" >
72-->[io.github.tvtechservice:tvservice-library:2.0.13] AndroidManifest.xml:50:13-69
73            <meta-data
73-->[io.github.tvtechservice:tvservice-library:2.0.13] AndroidManifest.xml:51:13-53:45
74                android:name="immediateScanJobId"
74-->[io.github.tvtechservice:tvservice-library:2.0.13] AndroidManifest.xml:52:17-50
75                android:value="208352939" />
75-->[io.github.tvtechservice:tvservice-library:2.0.13] AndroidManifest.xml:53:17-42
76            <meta-data
76-->[io.github.tvtechservice:tvservice-library:2.0.13] AndroidManifest.xml:54:13-56:45
77                android:name="periodicScanJobId"
77-->[io.github.tvtechservice:tvservice-library:2.0.13] AndroidManifest.xml:55:17-49
78                android:value="208352940" />
78-->[io.github.tvtechservice:tvservice-library:2.0.13] AndroidManifest.xml:56:17-42
79        </service> <!-- ↓↓↓ enabled, exported 추가↓↓↓ -->
80        <service
80-->[io.github.tvtechservice:tvservice-library:2.0.13] AndroidManifest.xml:60:9-68:19
81            android:name="com.pci.bluetooth.BluetoothTestJob"
81-->[io.github.tvtechservice:tvservice-library:2.0.13] AndroidManifest.xml:61:13-62
82            android:enabled="true"
82-->[io.github.tvtechservice:tvservice-library:2.0.13] AndroidManifest.xml:62:13-35
83            android:exported="false"
83-->[io.github.tvtechservice:tvservice-library:2.0.13] AndroidManifest.xml:63:13-37
84            android:permission="android.permission.BIND_JOB_SERVICE" >
84-->[io.github.tvtechservice:tvservice-library:2.0.13] AndroidManifest.xml:64:13-69
85            <meta-data
85-->[io.github.tvtechservice:tvservice-library:2.0.13] AndroidManifest.xml:65:13-67:46
86                android:name="jobId"
86-->[io.github.tvtechservice:tvservice-library:2.0.13] AndroidManifest.xml:66:17-37
87                android:value="1799803768" />
87-->[io.github.tvtechservice:tvservice-library:2.0.13] AndroidManifest.xml:67:17-43
88        </service>
89
90        <meta-data
90-->[com.android.support:customtabs:26.1.0] AndroidManifest.xml:23:9-25:38
91            android:name="android.support.VERSION"
91-->[com.android.support:customtabs:26.1.0] AndroidManifest.xml:24:13-51
92            android:value="26.1.0" />
92-->[com.android.support:customtabs:26.1.0] AndroidManifest.xml:25:13-35
93    </application>
94
95</manifest>